app/build/intermediates/manifest_merge_blame_file/debug/manifest-merger-blame-debug-report.txt
1<?xml version="1.0" encoding="utf-8"?>
2<manifest xmlns:android="http://schemas.android.com/apk/res/android"
3    package="com.example.prudentialfinance"
4    android:versionCode="1"
5    android:versionName="1.0" >
6
7    <uses-sdk
8        android:minSdkVersion="21"
8-->src\main\AndroidManifest.xml
9        android:targetSdkVersion="32" />
9-->src\main\AndroidManifest.xml
10
11    <uses-permission android:name="android.permission.INTERNET" />
11-->src\main\AndroidManifest.xml:6:5-67
11-->src\main\AndroidManifest.xml:6:22-64
12    <uses-permission android:name="android.permission.ACCESS_NETWORK_STATE" />
12-->src\main\AndroidManifest.xml:7:5-79
12-->src\main\AndroidManifest.xml:7:22-76
13    <uses-permission android:name="android.permission.ACCESS_WIFI_STATE" />
13-->src\main\AndroidManifest.xml:8:5-76
13-->src\main\AndroidManifest.xml:8:22-73
14    <uses-permission android:name="android.permission.READ_EXTERNAL_STORAGE" />
14-->src\main\AndroidManifest.xml:9:5-80
14-->src\main\AndroidManifest.xml:9:22-77
15    <uses-permission android:name="android.permission.WRITE_EXTERNAL_STORAGE" />
15-->src\main\AndroidManifest.xml:10:5-12:40
15-->src\main\AndroidManifest.xml:11:9-65
16    <uses-permission android:name="com.google.android.gms.permission.AD_ID" />
16-->[com.facebook.android:facebook-core:13.2.0] AndroidManifest.xml:28:5-79
16-->[com.facebook.android:facebook-core:13.2.0] AndroidManifest.xml:28:22-76
17    <uses-permission android:name="com.google.android.finsky.permission.BIND_GET_INSTALL_REFERRER_SERVICE" />
17-->[com.android.installreferrer:installreferrer:1.0] AndroidManifest.xml:9:5-110
17-->[com.android.installreferrer:installreferrer:1.0] AndroidManifest.xml:9:22-107
18
19    <application
19-->src\main\AndroidManifest.xml:14:5-163:19
20        android:name="com.example.prudentialfinance.Model.GlobalVariable"
20-->src\main\AndroidManifest.xml:15:9-45
21        android:allowBackup="true"
21-->src\main\AndroidManifest.xml:16:9-35
22        android:appComponentFactory="androidx.core.app.CoreComponentFactory"
22-->[androidx.core:core:1.7.0] AndroidManifest.xml:24:18-86
23        android:debuggable="true"
24        android:icon="@drawable/icon"
24-->src\main\AndroidManifest.xml:17:9-38
25        android:label="@string/app_name"
25-->src\main\AndroidManifest.xml:18:9-41
26        android:requestLegacyExternalStorage="true"
26-->src\main\AndroidManifest.xml:19:9-52
27        android:roundIcon="@drawable/icon"
27-->src\main\AndroidManifest.xml:20:9-43
28        android:supportsRtl="true"
28-->src\main\AndroidManifest.xml:21:9-35
29        android:testOnly="true"
30        android:theme="@style/Theme.PrudentialFinance"
30-->src\main\AndroidManifest.xml:22:9-55
31        android:usesCleartextTraffic="true" >
31-->src\main\AndroidManifest.xml:23:9-44
32        <activity
32-->src\main\AndroidManifest.xml:24:9-26:40
33            android:name="com.example.prudentialfinance.Activities.Budget.BudgetReportActivity"
33-->src\main\AndroidManifest.xml:25:13-67
34            android:exported="false" />
34-->src\main\AndroidManifest.xml:26:13-37
35        <activity
35-->src\main\AndroidManifest.xml:27:9-29:40
36            android:name="com.example.prudentialfinance.Activities.Card.AccountChartActivity"
36-->src\main\AndroidManifest.xml:28:13-65
37            android:exported="false" />
37-->src\main\AndroidManifest.xml:29:13-37
38        <activity
38-->src\main\AndroidManifest.xml:30:9-32:40
39            android:name="com.example.prudentialfinance.Activities.Report.CategoryExportActivity"
39-->src\main\AndroidManifest.xml:31:13-69
40            android:exported="false" />
40-->src\main\AndroidManifest.xml:32:13-37
41        <activity
41-->src\main\AndroidManifest.xml:33:9-35:40
42            android:name="com.example.prudentialfinance.Activities.Card.AccountReportActivity"
42-->src\main\AndroidManifest.xml:34:13-66
43            android:exported="false" />
43-->src\main\AndroidManifest.xml:35:13-37
44        <activity
44-->src\main\AndroidManifest.xml:36:9-38:40
45            android:name="com.example.prudentialfinance.Activities.Transaction.TransactionPreviewStatementActivity"
45-->src\main\AndroidManifest.xml:37:13-87
46            android:exported="false" />
46-->src\main\AndroidManifest.xml:38:13-37
47        <activity
47-->src\main\AndroidManifest.xml:39:9-41:40
48            android:name="com.example.prudentialfinance.Activities.General.DepositActivity"
48-->src\main\AndroidManifest.xml:40:13-63
49            android:exported="false" />
49-->src\main\AndroidManifest.xml:41:13-37
50        <activity
50-->src\main\AndroidManifest.xml:42:9-44:40
51            android:name="com.example.prudentialfinance.Activities.General.GoalDetailActivity"
51-->src\main\AndroidManifest.xml:43:13-66
52            android:exported="false" />
52-->src\main\AndroidManifest.xml:44:13-37
53        <activity
53-->src\main\AndroidManifest.xml:45:9-47:40
54            android:name="com.example.prudentialfinance.Activities.Transaction.TransactionStatementActivity"
54-->src\main\AndroidManifest.xml:46:13-80
55            android:exported="false" />
55-->src\main\AndroidManifest.xml:47:13-37
56        <activity
56-->src\main\AndroidManifest.xml:48:9-50:40
57            android:name="com.example.prudentialfinance.Activities.Transaction.TransactionUpdateActivity"
57-->src\main\AndroidManifest.xml:49:13-77
58            android:exported="false" />
58-->src\main\AndroidManifest.xml:50:13-37
59        <activity
59-->src\main\AndroidManifest.xml:51:9-53:40
60            android:name="com.example.prudentialfinance.Activities.Transaction.TransactionInformationActivity"
60-->src\main\AndroidManifest.xml:52:13-82
61            android:exported="false" />
61-->src\main\AndroidManifest.xml:53:13-37
62        <activity
62-->src\main\AndroidManifest.xml:54:9-56:40
63            android:name="com.example.prudentialfinance.Activities.Transaction.TransactionCreationActivity"
63-->src\main\AndroidManifest.xml:55:13-79
64            android:exported="false" />
64-->src\main\AndroidManifest.xml:56:13-37
65        <activity
65-->src\main\AndroidManifest.xml:57:9-59:40
66            android:name="com.example.prudentialfinance.Activities.Settings.DarkModeActivity"
66-->src\main\AndroidManifest.xml:58:13-65
67            android:exported="false" />
67-->src\main\AndroidManifest.xml:59:13-37
68        <activity
68-->src\main\AndroidManifest.xml:60:9-62:40
69            android:name="com.example.prudentialfinance.Activities.Budget.BudgetsActivity"
69-->src\main\AndroidManifest.xml:61:13-62
70            android:exported="false" />
70-->src\main\AndroidManifest.xml:62:13-37
71        <activity
71-->src\main\AndroidManifest.xml:63:9-65:40
72            android:name="com.example.prudentialfinance.Activities.Budget.AddBudgetActivity"
72-->src\main\AndroidManifest.xml:64:13-64
73            android:exported="false" />
73-->src\main\AndroidManifest.xml:65:13-37
74        <activity
74-->src\main\AndroidManifest.xml:66:9-68:40
75            android:name="com.example.prudentialfinance.Activities.Budget.BudgetReportCategoriesActivity"
75-->src\main\AndroidManifest.xml:67:13-77
76            android:exported="false" />
76-->src\main\AndroidManifest.xml:68:13-37
77        <activity
77-->src\main\AndroidManifest.xml:69:9-71:40
78            android:name="com.example.prudentialfinance.Activities.Report.TransactionsByCategoryActivity"
78-->src\main\AndroidManifest.xml:70:13-77
79            android:exported="false" />
79-->src\main\AndroidManifest.xml:71:13-37
80        <activity
80-->src\main\AndroidManifest.xml:72:9-74:40
81            android:name="com.example.prudentialfinance.Activities.Transaction.TransactionActivity"
81-->src\main\AndroidManifest.xml:73:13-71
82            android:exported="false" />
82-->src\main\AndroidManifest.xml:74:13-37
83        <activity
83-->src\main\AndroidManifest.xml:75:9-77:40
84            android:name="com.example.prudentialfinance.Activities.Settings.AddUserActivity"
84-->src\main\AndroidManifest.xml:76:13-64
85            android:exported="false" />
85-->src\main\AndroidManifest.xml:77:13-37
86        <activity
86-->src\main\AndroidManifest.xml:78:9-80:40
87            android:name="com.example.prudentialfinance.Activities.Settings.UserManagementActivity"
87-->src\main\AndroidManifest.xml:79:13-71
88            android:exported="false" />
88-->src\main\AndroidManifest.xml:80:13-37
89        <activity
89-->src\main\AndroidManifest.xml:81:9-83:40
90            android:name="com.example.prudentialfinance.Activities.General.AddGoalActivity"
90-->src\main\AndroidManifest.xml:82:13-63
91            android:exported="false" />
91-->src\main\AndroidManifest.xml:83:13-37
92        <activity
92-->src\main\AndroidManifest.xml:84:9-86:40
93            android:name="com.example.prudentialfinance.Activities.General.GoalActivity"
93-->src\main\AndroidManifest.xml:85:13-60
94            android:exported="false" />
94-->src\main\AndroidManifest.xml:86:13-37
95        <activity
95-->src\main\AndroidManifest.xml:87:9-89:40
96            android:name="com.example.prudentialfinance.Activities.General.AddCategoryActivity"
96-->src\main\AndroidManifest.xml:88:13-67
97            android:exported="false" />
97-->src\main\AndroidManifest.xml:89:13-37
98        <activity
98-->src\main\AndroidManifest.xml:90:9-92:40
99            android:name="com.example.prudentialfinance.Activities.General.CategoriesActivity"
99-->src\main\AndroidManifest.xml:91:13-66
100            android:exported="false" />
100-->src\main\AndroidManifest.xml:92:13-37
101        <activity
101-->src\main\AndroidManifest.xml:93:9-95:40
102            android:name="com.example.prudentialfinance.Activities.Card.CardUpdateActivity"
102-->src\main\AndroidManifest.xml:94:13-63
103            android:exported="false" />
103-->src\main\AndroidManifest.xml:95:13-37
104        <activity
104-->src\main\AndroidManifest.xml:96:9-98:40
105            android:name="com.example.prudentialfinance.Activities.Card.CardCreationActivity"
105-->src\main\AndroidManifest.xml:97:13-65
106            android:exported="false" />
106-->src\main\AndroidManifest.xml:98:13-37
107        <activity
107-->src\main\AndroidManifest.xml:99:9-101:40
108            android:name="com.example.prudentialfinance.Activities.Settings.EmailSettingsActivity"
108-->src\main\AndroidManifest.xml:100:13-70
109            android:exported="false" />
109-->src\main\AndroidManifest.xml:101:13-37
110        <activity
110-->src\main\AndroidManifest.xml:102:9-104:40
111            android:name="com.example.prudentialfinance.Activities.Settings.SiteSettingsActivity"
111-->src\main\AndroidManifest.xml:103:13-69
112            android:exported="false" />
112-->src\main\AndroidManifest.xml:104:13-37
113        <activity
113-->src\main\AndroidManifest.xml:105:9-107:40
114            android:name="com.example.prudentialfinance.Activities.Settings.PasswordActivity"
114-->src\main\AndroidManifest.xml:106:13-65
115            android:exported="false" />
115-->src\main\AndroidManifest.xml:107:13-37
116        <activity
116-->src\main\AndroidManifest.xml:108:9-110:40
117            android:name="com.example.prudentialfinance.Activities.Settings.ProfileActivity"
117-->src\main\AndroidManifest.xml:109:13-64
118            android:exported="false" />
118-->src\main\AndroidManifest.xml:110:13-37
119        <activity
119-->src\main\AndroidManifest.xml:111:9-113:40
120            android:name="com.example.prudentialfinance.HomeActivity"
120-->src\main\AndroidManifest.xml:112:13-41
121            android:exported="false" />
121-->src\main\AndroidManifest.xml:113:13-37
122        <activity
122-->src\main\AndroidManifest.xml:114:9-116:40
123            android:name="com.example.prudentialfinance.Activities.Auth.SignUpActivity"
123-->src\main\AndroidManifest.xml:115:13-59
124            android:exported="false" />
124-->src\main\AndroidManifest.xml:116:13-37
125        <activity
125-->src\main\AndroidManifest.xml:117:9-119:40
126            android:name="com.example.prudentialfinance.Activities.Auth.ResetPasswordActivity"
126-->src\main\AndroidManifest.xml:118:13-66
127            android:exported="false" />
127-->src\main\AndroidManifest.xml:119:13-37
128        <activity
128-->src\main\AndroidManifest.xml:120:9-122:40
129            android:name="com.example.prudentialfinance.Activities.Auth.RecoveryActivity"
129-->src\main\AndroidManifest.xml:121:13-61
130            android:exported="false" />
130-->src\main\AndroidManifest.xml:122:13-37
131        <activity
131-->src\main\AndroidManifest.xml:123:9-125:40
132            android:name="com.example.prudentialfinance.Activities.Auth.LoginActivity"
132-->src\main\AndroidManifest.xml:124:13-58
133            android:exported="false" />
133-->src\main\AndroidManifest.xml:125:13-37
134        <activity
134-->src\main\AndroidManifest.xml:126:9-128:40
135            android:name="com.example.prudentialfinance.IntroduceActivity"
135-->src\main\AndroidManifest.xml:127:13-46
136            android:exported="false" />
136-->src\main\AndroidManifest.xml:128:13-37
137        <activity
137-->src\main\AndroidManifest.xml:129:9-137:20
138            android:name="com.example.prudentialfinance.MainActivity"
138-->src\main\AndroidManifest.xml:130:13-41
139            android:exported="true" >
139-->src\main\AndroidManifest.xml:131:13-36
140            <intent-filter>
140-->src\main\AndroidManifest.xml:132:13-136:29
141                <action android:name="android.intent.action.MAIN" />
141-->src\main\AndroidManifest.xml:133:17-69
141-->src\main\AndroidManifest.xml:133:25-66
142
143                <category android:name="android.intent.category.LAUNCHER" />
143-->src\main\AndroidManifest.xml:135:17-77
143-->src\main\AndroidManifest.xml:135:27-74
144            </intent-filter>
145        </activity>
146
147        <meta-data
147-->src\main\AndroidManifest.xml:140:9-142:55
148            android:name="com.facebook.sdk.ApplicationId"
148-->src\main\AndroidManifest.xml:141:13-58
149            android:value="@string/facebook_app_id" />
149-->src\main\AndroidManifest.xml:142:13-52
150        <meta-data
150-->src\main\AndroidManifest.xml:143:9-145:61
151            android:name="com.facebook.sdk.ClientToken"
151-->src\main\AndroidManifest.xml:144:13-56
152            android:value="@string/facebook_client_token" />
152-->src\main\AndroidManifest.xml:145:13-58
153
154        <activity
154-->src\main\AndroidManifest.xml:147:9-150:48
155            android:name="com.facebook.FacebookActivity"
155-->src\main\AndroidManifest.xml:148:13-57
156            android:configChanges="keyboard|keyboardHidden|screenLayout|screenSize|orientation"
156-->src\main\AndroidManifest.xml:149:13-96
157            android:label="@string/app_name"
157-->src\main\AndroidManifest.xml:150:13-45
158            android:theme="@style/com_facebook_activity_theme" />
158-->[com.facebook.android:facebook-common:13.2.0] AndroidManifest.xml:33:13-63
159        <activity
159-->src\main\AndroidManifest.xml:151:9-162:20
160            android:name="com.facebook.CustomTabActivity"
160-->src\main\AndroidManifest.xml:152:13-58
161            android:exported="true" >
161-->src\main\AndroidManifest.xml:153:13-36
162            <intent-filter>
162-->src\main\AndroidManifest.xml:154:13-161:29
163                <action android:name="android.intent.action.VIEW" />
163-->src\main\AndroidManifest.xml:155:17-69
163-->src\main\AndroidManifest.xml:155:25-66
164
165                <category android:name="android.intent.category.DEFAULT" />
165-->src\main\AndroidManifest.xml:157:17-76
165-->src\main\AndroidManifest.xml:157:27-73
166                <category android:name="android.intent.category.BROWSABLE" />
166-->src\main\AndroidManifest.xml:158:17-78
166-->src\main\AndroidManifest.xml:158:27-75
167
168                <data android:scheme="@string/fb_login_protocol_scheme" />
168-->src\main\AndroidManifest.xml:160:17-75
168-->src\main\AndroidManifest.xml:160:23-72
169            </intent-filter>
170            <intent-filter>
170-->[com.facebook.android:facebook-common:13.2.0] AndroidManifest.xml:39:13-48:29
171                <action android:name="android.intent.action.VIEW" />
171-->src\main\AndroidManifest.xml:155:17-69
171-->src\main\AndroidManifest.xml:155:25-66
172
173                <category android:name="android.intent.category.DEFAULT" />
173-->src\main\AndroidManifest.xml:157:17-76
173-->src\main\AndroidManifest.xml:157:27-73
174                <category android:name="android.intent.category.BROWSABLE" />
174-->src\main\AndroidManifest.xml:158:17-78
174-->src\main\AndroidManifest.xml:158:27-75
175
176                <data
176-->src\main\AndroidManifest.xml:160:17-75
177                    android:host="cct.com.example.prudentialfinance"
178                    android:scheme="fbconnect" />
178-->src\main\AndroidManifest.xml:160:23-72
179            </intent-filter>
180        </activity>
181        <activity android:name="com.facebook.CustomTabMainActivity" />
181-->[com.facebook.android:facebook-common:13.2.0] AndroidManifest.xml:34:9-71
181-->[com.facebook.android:facebook-common:13.2.0] AndroidManifest.xml:34:19-68
182
183        <provider
183-->[com.squareup.picasso:picasso:2.71828] AndroidManifest.xml:8:9-11:40
184            android:name="com.squareup.picasso.PicassoProvider"
184-->[com.squareup.picasso:picasso:2.71828] AndroidManifest.xml:9:13-64
185            android:authorities="com.example.prudentialfinance.com.squareup.picasso"
185-->[com.squareup.picasso:picasso:2.71828] AndroidManifest.xml:10:13-72
186            android:exported="false" />
186-->[com.squareup.picasso:picasso:2.71828] AndroidManifest.xml:11:13-37
187
188        <activity
188-->[com.google.android.gms:play-services-auth:20.2.0] AndroidManifest.xml:23:9-27:75
189            android:name="com.google.android.gms.auth.api.signin.internal.SignInHubActivity"
189-->[com.google.android.gms:play-services-auth:20.2.0] AndroidManifest.xml:24:13-93
190            android:excludeFromRecents="true"
190-->[com.google.android.gms:play-services-auth:20.2.0] AndroidManifest.xml:25:13-46
191            android:exported="false"
191-->[com.google.android.gms:play-services-auth:20.2.0] AndroidManifest.xml:26:13-37
192            android:theme="@android:style/Theme.Translucent.NoTitleBar" />
192-->[com.google.android.gms:play-services-auth:20.2.0] AndroidManifest.xml:27:13-72
193        <!--
194            Service handling Google Sign-In user revocation. For apps that do not integrate with
195            Google Sign-In, this service will never be started.
196        -->
197        <service
197-->[com.google.android.gms:play-services-auth:20.2.0] AndroidManifest.xml:33:9-37:51
198            android:name="com.google.android.gms.auth.api.signin.RevocationBoundService"
198-->[com.google.android.gms:play-services-auth:20.2.0] AndroidManifest.xml:34:13-89
199            android:exported="true"
199-->[com.google.android.gms:play-services-auth:20.2.0] AndroidManifest.xml:35:13-36
200            android:permission="com.google.android.gms.auth.api.signin.permission.REVOCATION_NOTIFICATION"
200-->[com.google.android.gms:play-services-auth:20.2.0] AndroidManifest.xml:36:13-107
201            android:visibleToInstantApps="true" />
201-->[com.google.android.gms:play-services-auth:20.2.0] AndroidManifest.xml:37:13-48
202
203        <activity
203-->[com.google.android.gms:play-services-base:18.0.1] AndroidManifest.xml:20:9-22:45
204            android:name="com.google.android.gms.common.api.GoogleApiActivity"
204-->[com.google.android.gms:play-services-base:18.0.1] AndroidManifest.xml:20:19-85
205            android:exported="false"
205-->[com.google.android.gms:play-services-base:18.0.1] AndroidManifest.xml:22:19-43
206            android:theme="@android:style/Theme.Translucent.NoTitleBar" />
206-->[com.google.android.gms:play-services-base:18.0.1] AndroidManifest.xml:21:19-78
207
208        <meta-data
208-->[com.google.android.gms:play-services-basement:18.0.0] AndroidManifest.xml:21:9-23:69
209            android:name="com.google.android.gms.version"
209-->[com.google.android.gms:play-services-basement:18.0.0] AndroidManifest.xml:22:13-58
210            android:value="@integer/google_play_services_version" />
210-->[com.google.android.gms:play-services-basement:18.0.0] AndroidManifest.xml:23:13-66
211
212        <provider
212-->[androidx.emoji2:emoji2:1.0.0] AndroidManifest.xml:26:9-34:20
213            android:name="androidx.startup.InitializationProvider"
213-->[androidx.emoji2:emoji2:1.0.0] AndroidManifest.xml:27:13-67
214            android:authorities="com.example.prudentialfinance.androidx-startup"
214-->[androidx.emoji2:emoji2:1.0.0] AndroidManifest.xml:28:13-68
215            android:exported="false" >
215-->[androidx.emoji2:emoji2:1.0.0] AndroidManifest.xml:29:13-37
216            <meta-data
216-->[androidx.emoji2:emoji2:1.0.0] AndroidManifest.xml:31:13-33:52
217                android:name="androidx.emoji2.text.EmojiCompatInitializer"
217-->[androidx.emoji2:emoji2:1.0.0] AndroidManifest.xml:32:17-75
218                android:value="androidx.startup" />
218-->[androidx.emoji2:emoji2:1.0.0] AndroidManifest.xml:33:17-49
219            <meta-data
219-->[androidx.lifecycle:lifecycle-process:2.4.0] AndroidManifest.xml:31:13-33:52
220                android:name="androidx.lifecycle.ProcessLifecycleInitializer"
220-->[androidx.lifecycle:lifecycle-process:2.4.0] AndroidManifest.xml:32:17-78
221                android:value="androidx.startup" />
221-->[androidx.lifecycle:lifecycle-process:2.4.0] AndroidManifest.xml:33:17-49
222        </provider>
223        <!--
224         The initialization ContentProvider will call FacebookSdk.sdkInitialize automatically
225         with the application context. This config is merged in with the host app's manifest,
226         but there can only be one provider with the same authority activated at any given
227         point; so if the end user has two or more different apps that use Facebook SDK, only the
228         first one will be able to use the provider. To work around this problem, we use the
229         following placeholder in the authority to identify each host application as if it was
230         a completely different provider.
231        -->
232        <provider
232-->[com.facebook.android:facebook-core:13.2.0] AndroidManifest.xml:41:9-44:40
233            android:name="com.facebook.internal.FacebookInitProvider"
233-->[com.facebook.android:facebook-core:13.2.0] AndroidManifest.xml:42:13-70
234            android:authorities="com.example.prudentialfinance.FacebookInitProvider"
234-->[com.facebook.android:facebook-core:13.2.0] AndroidManifest.xml:43:13-72
235            android:exported="false" />
235-->[com.facebook.android:facebook-core:13.2.0] AndroidManifest.xml:44:13-37
236
237        <receiver
237-->[com.facebook.android:facebook-core:13.2.0] AndroidManifest.xml:46:9-52:20
238            android:name="com.facebook.CurrentAccessTokenExpirationBroadcastReceiver"
238-->[com.facebook.android:facebook-core:13.2.0] AndroidManifest.xml:47:13-86
239            android:exported="false" >
239-->[com.facebook.android:facebook-core:13.2.0] AndroidManifest.xml:48:13-37
240            <intent-filter>
240-->[com.facebook.android:facebook-core:13.2.0] AndroidManifest.xml:49:13-51:29
241                <action android:name="com.facebook.sdk.ACTION_CURRENT_ACCESS_TOKEN_CHANGED" />
241-->[com.facebook.android:facebook-core:13.2.0] AndroidManifest.xml:50:17-95
241-->[com.facebook.android:facebook-core:13.2.0] AndroidManifest.xml:50:25-92
242            </intent-filter>
243        </receiver>
244        <receiver
244-->[com.facebook.android:facebook-core:13.2.0] AndroidManifest.xml:53:9-59:20
245            android:name="com.facebook.AuthenticationTokenManager$CurrentAuthenticationTokenChangedBroadcastReceiver"
245-->[com.facebook.android:facebook-core:13.2.0] AndroidManifest.xml:54:13-118
246            android:exported="false" >
246-->[com.facebook.android:facebook-core:13.2.0] AndroidManifest.xml:55:13-37
247            <intent-filter>
247-->[com.facebook.android:facebook-core:13.2.0] AndroidManifest.xml:56:13-58:29
248                <action android:name="com.facebook.sdk.ACTION_CURRENT_AUTHENTICATION_TOKEN_CHANGED" />
248-->[com.facebook.android:facebook-core:13.2.0] AndroidManifest.xml:57:17-103
248-->[com.facebook.android:facebook-core:13.2.0] AndroidManifest.xml:57:25-100
249            </intent-filter>
250        </receiver>
251    </application>
252
253</manifest>